Change Component Designator: Old Designator=D? New Designator=D7
Change Component Designator: Old Designator=J? New Designator=J32
Change Component Designator: Old Designator=J? New Designator=J33
Change Component Designator: Old Designator=J? New Designator=J34
Change Component Designator: Old Designator=J? New Designator=J35
Change Component Designator: Old Designator=J? New Designator=J36
Change Component Designator: Old Designator=J? New Designator=J37
Change Component Designator: Old Designator=J? New Designator=J38
Change Component Designator: Old Designator=J? New Designator=J39
Change Component Designator: Old Designator=J? New Designator=J40
Change Component Designator: Old Designator=J? New Designator=J41
Change Component Designator: Old Designator=J? New Designator=J42
Change Component Designator: Old Designator=J? New Designator=J43
Change Component Designator: Old Designator=Q? New Designator=Q37
Change Component Designator: Old Designator=Q? New Designator=Q38
Change Component Designator: Old Designator=Q? New Designator=Q39
Change Component Designator: Old Designator=Q? New Designator=Q40
Change Component Designator: Old Designator=Q? New Designator=Q41
Change Component Designator: Old Designator=Q? New Designator=Q42
Change Component Designator: Old Designator=Q? New Designator=Q43
Change Component Designator: Old Designator=Q? New Designator=Q44
Change Component Designator: Old Designator=Q? New Designator=Q45
Change Component Designator: Old Designator=Q? New Designator=Q46
Change Component Designator: Old Designator=Q? New Designator=Q47
Change Component Designator: Old Designator=Q? New Designator=Q48
Change Component Designator: Old Designator=Q? New Designator=Q49
Change Component Designator: Old Designator=Q? New Designator=Q50
Change Component Designator: Old Designator=Q? New Designator=Q51
Change Component Designator: Old Designator=Q? New Designator=Q52
Change Component Designator: Old Designator=R? New Designator=R57
Change Component Designator: Old Designator=R? New Designator=R58
Change Component Designator: Old Designator=R? New Designator=R59
Change Component Designator: Old Designator=R? New Designator=R60
Change Component Designator: Old Designator=R? New Designator=R61
Change Component Designator: Old Designator=R? New Designator=R62
Change Component Designator: Old Designator=R? New Designator=R63
Change Component Designator: Old Designator=R? New Designator=R64
Change Component Designator: Old Designator=R? New Designator=R65
Change Component Designator: Old Designator=R? New Designator=R66
Change Component Designator: Old Designator=R? New Designator=R67
Change Component Designator: Old Designator=R? New Designator=R68
Change Component Designator: Old Designator=R? New Designator=R69
Change Component Designator: Old Designator=R? New Designator=R70
Change Component Designator: Old Designator=R? New Designator=R71
Change Component Designator: Old Designator=R? New Designator=R72
Change Component Designator: Old Designator=R? New Designator=R73
Change Component Designator: Old Designator=R? New Designator=R74
Change Component Designator: Old Designator=R? New Designator=R75
Change Component Designator: Old Designator=R? New Designator=R76
Change Component Designator: Old Designator=S? New Designator=S4
