Change Component Designator: OldDesignator=C1 NewDesignator=C9
Change Component Designator: OldDesignator=C2 NewDesignator=C10
Change Component Designator: OldDesignator=C3 NewDesignator=C11
Change Component Designator: OldDesignator=C4 NewDesignator=C12
Change Component Designator: OldDesignator=C5 NewDesignator=C13
Change Component Designator: OldDesignator=C6 NewDesignator=C1
Change Component Designator: OldDesignator=C7 NewDesignator=C2
Change Component Designator: OldDesignator=C8 NewDesignator=C3
Change Component Designator: OldDesignator=C9 NewDesignator=C4
Change Component Designator: OldDesignator=C10 NewDesignator=C5
Change Component Designator: OldDesignator=C11 NewDesignator=C6
Change Component Designator: OldDesignator=C12 NewDesignator=C7
Change Component Designator: OldDesignator=C13 NewDesignator=C8
Change Component Designator: OldDesignator=C18 NewDesignator=C19
Change Component Designator: OldDesignator=C19 NewDesignator=C20
Change Component Designator: OldDesignator=C20 NewDesignator=C21
Change Component Designator: OldDesignator=C21 NewDesignator=C22
Change Component Designator: OldDesignator=C22 NewDesignator=C23
Change Component Designator: OldDesignator=C23 NewDesignator=C24
Change Component Designator: OldDesignator=C24 NewDesignator=C25
Change Component Designator: OldDesignator=C25 NewDesignator=C26
Change Component Designator: OldDesignator=C26 NewDesignator=C27
Change Component Designator: OldDesignator=C27 NewDesignator=C28
Change Component Designator: OldDesignator=C28 NewDesignator=C29
Change Component Designator: OldDesignator=C29 NewDesignator=C30
Change Component Designator: OldDesignator=C30 NewDesignator=C31
Change Component Designator: OldDesignator=C31 NewDesignator=C32
Change Component Designator: OldDesignator=C32 NewDesignator=C18
Change Component Designator: OldDesignator=IC1 NewDesignator=IC2
Change Component Designator: OldDesignator=IC2 NewDesignator=IC3
Change Component Designator: OldDesignator=IC3 NewDesignator=IC4
Change Component Designator: OldDesignator=IC4 NewDesignator=IC5
Change Component Designator: OldDesignator=IC5 NewDesignator=IC6
Change Component Designator: OldDesignator=IC6 NewDesignator=IC7
Change Component Designator: OldDesignator=IC7 NewDesignator=IC1
Change Component Designator: OldDesignator=J9 NewDesignator=J14
Change Component Designator: OldDesignator=J10 NewDesignator=J9
Change Component Designator: OldDesignator=J11 NewDesignator=J10
Change Component Designator: OldDesignator=J12 NewDesignator=J11
Change Component Designator: OldDesignator=J13 NewDesignator=J12
Change Component Designator: OldDesignator=J14 NewDesignator=J13
Change Component Designator: OldDesignator=J20 NewDesignator=J27
Change Component Designator: OldDesignator=J21 NewDesignator=J28
Change Component Designator: OldDesignator=J22 NewDesignator=J20
Change Component Designator: OldDesignator=J23 NewDesignator=J21
Change Component Designator: OldDesignator=J24 NewDesignator=J22
Change Component Designator: OldDesignator=J25 NewDesignator=J23
Change Component Designator: OldDesignator=J26 NewDesignator=J29
Change Component Designator: OldDesignator=J27 NewDesignator=J24
Change Component Designator: OldDesignator=J28 NewDesignator=J25
Change Component Designator: OldDesignator=J29 NewDesignator=J30
Change Component Designator: OldDesignator=J30 NewDesignator=J26
Change Component Designator: OldDesignator=J32 NewDesignator=J31
Change Component Designator: OldDesignator=J33 NewDesignator=J32
Change Component Designator: OldDesignator=J34 NewDesignator=J33
Change Component Designator: OldDesignator=J35 NewDesignator=J34
Change Component Designator: OldDesignator=J36 NewDesignator=J35
Change Component Designator: OldDesignator=Q9 NewDesignator=Q1
Change Component Designator: OldDesignator=Q11 NewDesignator=Q2
Change Component Designator: OldDesignator=Q13 NewDesignator=Q3
Change Component Designator: OldDesignator=Q15 NewDesignator=Q4
Change Component Designator: OldDesignator=Q17 NewDesignator=Q5
Change Component Designator: OldDesignator=Q19 NewDesignator=Q6
Change Component Designator: OldDesignator=R10 NewDesignator=R11
Change Component Designator: OldDesignator=R11 NewDesignator=R12
Change Component Designator: OldDesignator=R12 NewDesignator=R10
Change Component Designator: OldDesignator=R19 NewDesignator=R26
Change Component Designator: OldDesignator=R20 NewDesignator=R27
Change Component Designator: OldDesignator=R21 NewDesignator=R28
Change Component Designator: OldDesignator=R22 NewDesignator=R29
Change Component Designator: OldDesignator=R23 NewDesignator=R19
Change Component Designator: OldDesignator=R24 NewDesignator=R20
Change Component Designator: OldDesignator=R25 NewDesignator=R21
Change Component Designator: OldDesignator=R26 NewDesignator=R22
Change Component Designator: OldDesignator=R27 NewDesignator=R23
Change Component Designator: OldDesignator=R28 NewDesignator=R24
Change Component Designator: OldDesignator=R29 NewDesignator=R30
Change Component Designator: OldDesignator=R30 NewDesignator=R25
Change Net Name : Old Net Name=NetC3_2 New Net Name=NetC11_2
Change Net Name : Old Net Name=NetC4_1 New Net Name=NetC12_1
Change Net Name : Old Net Name=NetC5_1 New Net Name=NetC13_1
Change Net Name : Old Net Name=NetC8_1 New Net Name=NetC3_1
Change Net Name : Old Net Name=NetC9_2 New Net Name=NetC4_2
Change Net Name : Old Net Name=NetC10_2 New Net Name=NetC5_2
Change Net Name : Old Net Name=NetC11_2 New Net Name=NetC6_2
Change Net Name : Old Net Name=NetC12_2 New Net Name=NetC7_2
Change Net Name : Old Net Name=NetC13_2 New Net Name=NetC8_2
Change Net Name : Old Net Name=NetIC1_11 New Net Name=NetIC2_11
Change Net Name : Old Net Name=NetIC1_12 New Net Name=NetIC2_12
Change Net Name : Old Net Name=NetIC1_13 New Net Name=NetIC2_13
Change Net Name : Old Net Name=NetIC1_14 New Net Name=NetIC2_14
Change Net Name : Old Net Name=NetIC2_11 New Net Name=NetIC3_11
Change Net Name : Old Net Name=NetIC2_12 New Net Name=NetIC3_12
Change Net Name : Old Net Name=NetIC2_13 New Net Name=NetIC3_13
Change Net Name : Old Net Name=NetIC2_14 New Net Name=NetIC3_14
Change Net Name : Old Net Name=NetIC3_11 New Net Name=NetIC4_11
Change Net Name : Old Net Name=NetIC3_12 New Net Name=NetIC4_12
Change Net Name : Old Net Name=NetIC3_13 New Net Name=NetIC4_13
Change Net Name : Old Net Name=NetIC3_14 New Net Name=NetIC4_14
Change Net Name : Old Net Name=NetIC4_11 New Net Name=NetIC5_11
Change Net Name : Old Net Name=NetIC4_12 New Net Name=NetIC5_12
Change Net Name : Old Net Name=NetIC4_13 New Net Name=NetIC5_13
Change Net Name : Old Net Name=NetIC4_14 New Net Name=NetIC5_14
Change Net Name : Old Net Name=NetIC5_11 New Net Name=NetIC6_11
Change Net Name : Old Net Name=NetIC5_12 New Net Name=NetIC6_12
Change Net Name : Old Net Name=NetIC5_13 New Net Name=NetIC6_13
Change Net Name : Old Net Name=NetIC5_14 New Net Name=NetIC6_14
Change Net Name : Old Net Name=NetIC6_11 New Net Name=NetIC7_11
Change Net Name : Old Net Name=NetIC6_12 New Net Name=NetIC7_12
Change Net Name : Old Net Name=NetIC6_13 New Net Name=NetIC7_13
Change Net Name : Old Net Name=NetIC6_14 New Net Name=NetIC7_14
Change Net Name : Old Net Name=NetIC7_2 New Net Name=NetIC1_2
Change Net Name : Old Net Name=NetIC7_15 New Net Name=NetIC1_15
Change Net Name : Old Net Name=NetJ11_4 New Net Name=NetJ10_4
Change Net Name : Old Net Name=NetJ22_1 New Net Name=NetJ20_1
Change Net Name : Old Net Name=NetJ22_2 New Net Name=NetJ20_2
Change Net Name : Old Net Name=NetQ9_1 New Net Name=NetQ1_1
Change Net Name : Old Net Name=NetQ9_3 New Net Name=NetQ1_3
Change Net Name : Old Net Name=NetQ11_1 New Net Name=NetQ2_1
Change Net Name : Old Net Name=NetQ11_3 New Net Name=NetQ2_3
Change Net Name : Old Net Name=NetQ13_1 New Net Name=NetQ3_1
Change Net Name : Old Net Name=NetQ13_3 New Net Name=NetQ3_3
Change Net Name : Old Net Name=NetQ15_1 New Net Name=NetQ4_1
Change Net Name : Old Net Name=NetQ15_3 New Net Name=NetQ4_3
Change Net Name : Old Net Name=NetQ17_1 New Net Name=NetQ5_1
Change Net Name : Old Net Name=NetQ17_3 New Net Name=NetQ5_3
Change Net Name : Old Net Name=NetQ19_1 New Net Name=NetQ6_1
Change Net Name : Old Net Name=NetQ19_3 New Net Name=NetQ6_3
