Change Component Footprint: Designator=J12 Old Footprint=KF1282542P New Footprint=KF128-2.54-2P
Change Component Footprint: Designator=J13 Old Footprint=KF1282542P New Footprint=KF128-2.54-2P
Change Component Footprint: Designator=J25 Old Footprint=KF1282542P New Footprint=KF128-2.54-2P
Change Component Footprint: Designator=J42 Old Footprint=KF1282542P New Footprint=KF128-2.54-2P
Change Component Footprint: Designator=J43 Old Footprint=KF1282542P New Footprint=KF128-2.54-2P
Change Component Footprint: Designator=J19 Old Footprint=KF1282544P New Footprint=KF128-2.54-4P
Change Component Footprint: Designator=J22 Old Footprint=KF1282544P New Footprint=KF128-2.54-4P
Change Component Footprint: Designator=J23 Old Footprint=KF1282544P New Footprint=KF128-2.54-4P
Change Component Footprint: Designator=J24 Old Footprint=KF1282544P New Footprint=KF128-2.54-4P
Change Component Footprint: Designator=J28 Old Footprint=KF1282544P New Footprint=KF128-2.54-4P
Change Component Footprint: Designator=J31 Old Footprint=KF1282544P New Footprint=KF128-2.54-4P
Change Component Footprint: Designator=J38 Old Footprint=KF1282544P New Footprint=KF128-2.54-4P
Change Component Footprint: Designator=J39 Old Footprint=KF1282544P New Footprint=KF128-2.54-4P
Change Component Footprint: Designator=J40 Old Footprint=KF1282544P New Footprint=KF128-2.54-4P
Change Component Footprint: Designator=J41 Old Footprint=KF1282544P New Footprint=KF128-2.54-4P
Change Component Footprint: Designator=J14 Old Footprint=M20-4pin New Footprint=KF128-2.54-4P
Change component parameters: Designator = "J12" ("J12"); Footprint = "KF1282542P"; UniqueID = "\TZWNXFBU" ("\TZWNXFBU")
Change component parameters (AddParameter): Name = "Arrow Part Number"; Value = ""; VariantName = "[No Variations]"
Change component parameters (AddParameter): Name = "Arrow Price/Stock"; Value = ""; VariantName = "[No Variations]"
Change component parameters (AddParameter): Name = "Datasheet Link"; Value = "https://jirorwxhqiillo5p.ldycdn.com/KF128-2.54-aidqpBpqKirRliSqmrqirlki.pdf"; VariantName = "[No Variations]"
Change component parameters (AddParameter): Name = "Height"; Value = "9.1mm"; VariantName = "[No Variations]"
Change component parameters (AddParameter): Name = "Manufacturer_Name"; Value = "CIXI KEFA ELECTRONICS"; VariantName = "[No Variations]"
Change component parameters (AddParameter): Name = "Manufacturer_Part_Number"; Value = "KF128-2.54-2P"; VariantName = "[No Variations]"
Change component parameters (AddParameter): Name = "Mouser Part Number"; Value = ""; VariantName = "[No Variations]"
Change component parameters (AddParameter): Name = "Mouser Price/Stock"; Value = ""; VariantName = "[No Variations]"
Change component parameters (AddParameter): Name = "Parameter 1"; Value = ""; VariantName = "[No Variations]"
Add Pin To Net: Unknown Pin: Pin *-1
Add Pin To Net: Unknown Pin: Pin *-2
Add Pin To Net: Unknown Pin: Pin *-3
Add Pin To Net: Unknown Pin: Pin *-6
Add Pin To Net: Unknown Pin: Pin *-7
Add Pin To Net: Unknown Pin: Pin *-8
Add Pin To Net: Unknown Pin: Pin *-9
Add Pin To Net: Unknown Pin: Pin *-10
Add Pin To Net: Unknown Pin: Pin *-13
Add Pin To Net: Unknown Pin: Pin *-15
Add Pin To Net: Unknown Pin: Pin *-17
Added Pin To Net: NetName=P1.7 Pin=J9-1
Added Pin To Net: NetName=P1.6 Pin=J9-2
Added Pin To Net: NetName=P1.5 Pin=J9-3
Added Pin To Net: NetName=P1.4 Pin=J9-4
Added Pin To Net: NetName=P1.3 Pin=J9-5
Added Pin To Net: NetName=P1.2 Pin=J9-6
Added Pin To Net: NetName=NetJ17_1 Pin=J17-1
Added Pin To Net: NetName=NetJ17_2 Pin=J17-2
Added Pin To Net: NetName=NetJ17_3 Pin=J17-3
Added Pin To Net: NetName=NetJ17_4 Pin=J17-4
Added Pin To Net: NetName=NetJ17_5 Pin=J17-5
Added Pin To Net: NetName=NetJ17_6 Pin=J17-6
Added Pin To Net: NetName=NetJ17_7 Pin=J17-7
Added Pin To Net: NetName=NetJ17_8 Pin=J17-8
Add Pin To Net: Unknown Pin: Pin J27-5
Add Pin To Net: Unknown Pin: Pin J27-6
Add Pin To Net: Unknown Pin: Pin J27-7
Add Pin To Net: Unknown Pin: Pin J27-8
Add Pin To Net: Unknown Pin: Pin J30-5
Add Pin To Net: Unknown Pin: Pin J30-6
Add Pin To Net: Unknown Pin: Pin J30-7
Add Pin To Net: Unknown Pin: Pin J30-8
Add Net: Net with name "NetJ15_1" already exists
Add Net: Net with name "NetJ15_2" already exists
Add Net: Net with name "NetJ15_3" already exists
Add Net: Net with name "NetJ15_4" already exists
Add Net: Net with name "NetJ15_5" already exists
Add Net: Net with name "NetJ15_6" already exists
Add Net: Net with name "NetJ16_1" already exists
Add Net: Net with name "NetJ16_2" already exists
Add Net: Net with name "NetJ16_3" already exists
Add Net: Net with name "NetJ16_4" already exists
Add Net: Net with name "NetJ16_5" already exists
Add Net: Net with name "NetJ16_6" already exists
Add Net: Net with name "NetJ18_1" already exists
Add Net: Net with name "NetJ18_2" already exists
Add Net: Net with name "NetJ18_3" already exists
Add Net: Net with name "NetJ18_4" already exists
Add Net: Net with name "NetJ18_5" already exists
Add Net: Net with name "NetJ18_6" already exists
Add Net: Net with name "NetJ18_7" already exists
Add Net: Net with name "NetJ18_8" already exists
