Removed Pin From Net: NetName=3.3V Pin=C19-1
Removed Pin From Net: NetName=GND Pin=C19-2
Removed Pin From Net: NetName=3.3V Pin=D3-1
Removed Pin From Net: NetName=GND Pin=D4-2
Removed Pin From Net: NetName=3.3V Pin=IC1-1
Removed Pin From Net: NetName=GND Pin=IC1-3
Removed Pin From Net: NetName=3.3V Pin=IC1-9
Removed Pin From Net: NetName=GND Pin=IC1-13
Removed Pin From Net: NetName=GND Pin=IC1-17
Removed Pin From Net: NetName=P1.5 Pin=IC2-5
Removed Pin From Net: NetName=P1.4 Pin=IC2-6
Removed Pin From Net: NetName=P1.3 Pin=IC2-7
Removed Pin From Net: NetName=P1.2 Pin=IC2-8
Removed Pin From Net: NetName=P4.1 Pin=J7-6
Removed Pin From Net: NetName=NetIC2_14 Pin=J9-1
Removed Pin From Net: NetName=NetIC2_13 Pin=J9-2
Removed Pin From Net: NetName=NetIC2_12 Pin=J9-3
Removed Pin From Net: NetName=NetIC2_11 Pin=J9-4
Removed Pin From Net: NetName=3.3V Pin=J11-4
Removed Pin From Net: NetName=NetJ15_1 Pin=J16-1
Removed Pin From Net: NetName=NetJ15_2 Pin=J16-2
Removed Pin From Net: NetName=NetJ15_3 Pin=J16-3
Removed Pin From Net: NetName=NetJ15_4 Pin=J16-4
Removed Pin From Net: NetName=NetJ18_8 Pin=J19-1
Removed Pin From Net: NetName=NetJ18_7 Pin=J19-2
Removed Pin From Net: NetName=NetJ18_6 Pin=J19-3
Removed Pin From Net: NetName=NetJ18_5 Pin=J19-4
Removed Pin From Net: NetName=VCC Pin=Q1-3
Removed Pin From Net: NetName=VCC Pin=Q3-3
Removed Pin From Net: NetName=VCC Pin=Q5-3
Removed Pin From Net: NetName=VCC Pin=Q7-3
Removed Pin From Net: NetName=NetJ17_8 Pin=Q9-2
Removed Pin From Net: NetName=NetJ17_1 Pin=Q10-3
Removed Pin From Net: NetName=NetJ17_7 Pin=Q11-2
Removed Pin From Net: NetName=NetJ17_2 Pin=Q12-3
Removed Pin From Net: NetName=NetJ17_6 Pin=Q13-2
Removed Pin From Net: NetName=NetJ17_3 Pin=Q14-3
Removed Pin From Net: NetName=NetJ17_5 Pin=Q15-2
Removed Pin From Net: NetName=NetJ17_4 Pin=Q16-3
Removed Pin From Net: NetName=P0.0 Pin=R11-2
Removed Pin From Net: NetName=P0.1 Pin=R12-2
Removed Pin From Net: NetName=P0.2 Pin=R13-2
Removed Pin From Net: NetName=P0.6 Pin=R14-2
Removed Pin From Net: NetName=GND Pin=R15-2
Removed Pin From Net: NetName=GND Pin=R16-2
Removed Pin From Net: NetName=NetJ15_6 Pin=R19-2
Removed Pin From Net: NetName=NetJ15_5 Pin=R20-2
Removed Pin From Net: NetName=P1.2 Pin=R23-2
Removed Pin From Net: NetName=P1.3 Pin=R24-2
Removed Pin From Net: NetName=P1.4 Pin=R25-2
Removed Pin From Net: NetName=P1.5 Pin=R26-2
Removed Pin From Net: NetName=P1.6 Pin=R27-2
Removed Pin From Net: NetName=P1.7 Pin=R28-2
Removed Pin From Net: NetName=NetJ18_1 Pin=R31-2
Removed Pin From Net: NetName=NetJ18_2 Pin=R32-2
Removed Pin From Net: NetName=NetJ18_3 Pin=R33-2
Removed Pin From Net: NetName=NetJ18_4 Pin=R34-2
Removed Pin From Net: NetName=3.3V Pin=S1-2
Change Component Footprint: Designator=J8 Old Footprint=FP-B2B-XH-AM_LF_SN-MFG New Footprint=M20-5PIN
Change Component Footprint: Designator=J9 Old Footprint=FP-B4B-XH-A_LF_SN-MFG New Footprint=M20-6pin
Change Component Footprint: Designator=J16 Old Footprint=KF1282544P New Footprint=M20-6pin
Change Component Footprint: Designator=J20 Old Footprint=M20-2pin New Footprint=FP-B2B-XH-AM_LF_SN-MFG
Change Component Footprint: Designator=J21 Old Footprint=M20-2pin New Footprint=FP-B4B-XH-A_LF_SN-MFG
Change Component Footprint: Designator=J26 Old Footprint=M20-4pin New Footprint=FP-B4B-XH-A_LF_SN-MFG
Change Component Footprint: Designator=J29 Old Footprint=M20-4pin New Footprint=FP-B4B-XH-A_LF_SN-MFG
Change Footprint: Footprint Not Found KF1282544P
Change Component Footprint: Designator=J15 Old Footprint=M20-4pin New Footprint=M20-6pin
Change Component Footprint: Designator=J17 Old Footprint=M20-4pin New Footprint=M20-8PIN
Change Component Footprint: Designator=J18 Old Footprint=M20-4pin New Footprint=M20-8PIN
Change Component Footprint: Designator=IC1 Old Footprint=QFN65P400X400X80-17N New Footprint=A4988
Change Component Comment : Designator=R9 Old Comment=6 New Comment=10
Change Component Comment : Designator=R10 Old Comment=10 New Comment=15
Change Component Comment : Designator=R11 Old Comment=10 New Comment=39
Change Component Comment : Designator=C18 Old Comment=100uF New Comment=100nF
Change Component Comment : Designator=J8 Old Comment=B2B-XH-AM New Comment=M20-5P
Change Component Comment : Designator=J9 Old Comment=B4B-XH-AM New Comment=M20-6P
Change Component Comment : Designator=IC1 Old Comment=FT230XQ New Comment=A4988
Change Component Comment : Designator=J16 Old Comment=KF128-2.54-4P New Comment=M20-6P
Change Component Comment : Designator=J20 Old Comment=M20_2P_2way New Comment=B2B-XH-AM
Change Component Comment : Designator=J21 Old Comment=M20_2P_2way New Comment=B4B-XH-AM
Change Component Comment : Designator=J26 Old Comment=M20_4P_2way New Comment=B4B-XH-AM
Change Component Comment : Designator=J29 Old Comment=M20_4P_2way New Comment=B4B-XH-AM
Change Component Comment : Designator=J14 Old Comment=M20_4P_2way New Comment=KF128-2.54-4P
Change Component Comment : Designator=J15 Old Comment=M20_4P_2way New Comment=M20-6P
Change Component Comment : Designator=J17 Old Comment=M20_4P_2way New Comment=M20-8P
Change Component Comment : Designator=J18 Old Comment=M20_4P_2way New Comment=M20-8P
Change Managed Component Library Link : Designator=J8 Old VaultGUID=B7D15EC3-160A-466F-A46C-7801FE6295A7 New VaultGUID= Old ItemGUID=98C39FBD-698C-4792-A463-5FE8E0732BC9 New ItemGUID= Old RevisionGUID=4A973367-6602-4C68-877F-6BEDD2670A28 New RevisionGUID=
Change Managed Component Library Link : Designator=J9 Old VaultGUID=B7D15EC3-160A-466F-A46C-7801FE6295A7 New VaultGUID= Old ItemGUID=6612D765-7A59-4B7B-807B-DC2F7FB50E47 New ItemGUID= Old RevisionGUID=7A7A3922-1DD3-47E1-8ADB-FC5517DBD77E New RevisionGUID=
Change Managed Component Library Link : Designator=J20 Old VaultGUID= New VaultGUID=B7D15EC3-160A-466F-A46C-7801FE6295A7 Old ItemGUID= New ItemGUID=98C39FBD-698C-4792-A463-5FE8E0732BC9 Old RevisionGUID= New RevisionGUID=4A973367-6602-4C68-877F-6BEDD2670A28
Change Managed Component Library Link : Designator=J21 Old VaultGUID= New VaultGUID=B7D15EC3-160A-466F-A46C-7801FE6295A7 Old ItemGUID= New ItemGUID=6612D765-7A59-4B7B-807B-DC2F7FB50E47 Old RevisionGUID= New RevisionGUID=7A7A3922-1DD3-47E1-8ADB-FC5517DBD77E
Change Managed Component Library Link : Designator=J26 Old VaultGUID= New VaultGUID=B7D15EC3-160A-466F-A46C-7801FE6295A7 Old ItemGUID= New ItemGUID=6612D765-7A59-4B7B-807B-DC2F7FB50E47 Old RevisionGUID= New RevisionGUID=7A7A3922-1DD3-47E1-8ADB-FC5517DBD77E
Change Managed Component Library Link : Designator=J29 Old VaultGUID= New VaultGUID=B7D15EC3-160A-466F-A46C-7801FE6295A7 Old ItemGUID= New ItemGUID=6612D765-7A59-4B7B-807B-DC2F7FB50E47 Old RevisionGUID= New RevisionGUID=7A7A3922-1DD3-47E1-8ADB-FC5517DBD77E
Change component parameters: Designator = "IC1" ("IC1"); Footprint = "QFN65P400X400X80-17N"; UniqueID = "\RCTXEFJI" ("\RCTXEFJI")
Change component parameters: Designator = "J8" ("J8"); Footprint = "FP-B2B-XH-AM_LF_SN-MFG"; UniqueID = "\CERYJWRL" ("\CERYJWRL")
Change component parameters: Designator = "J9" ("J9"); Footprint = "FP-B4B-XH-A_LF_SN-MFG"; UniqueID = "\XIDGEFVS" ("\XIDGEFVS")
Change component parameters: Designator = "J14" ("J14"); Footprint = "M20-4pin"; UniqueID = "\KECCJINF" ("\KECCJINF")
Change component parameters (AddParameter): Name = "Arrow Part Number"; Value = ""; VariantName = "[No Variations]"
Change component parameters (AddParameter): Name = "Arrow Price/Stock"; Value = ""; VariantName = "[No Variations]"
Change component parameters (AddParameter): Name = "Datasheet Link"; Value = "https://jirorwxhqiillo5p.ldycdn.com/KF128-2.54-aidqpBpqKirRliSqmrqirlki.pdf"; VariantName = "[No Variations]"
Change component parameters (AddParameter): Name = "Height"; Value = "9.1mm"; VariantName = "[No Variations]"
Change component parameters (AddParameter): Name = "Manufacturer_Name"; Value = "CIXI KEFA ELECTRONICS"; VariantName = "[No Variations]"
Change component parameters (AddParameter): Name = "Manufacturer_Part_Number"; Value = "KF128-2.54-4P"; VariantName = "[No Variations]"
Change component parameters (AddParameter): Name = "Mouser Part Number"; Value = ""; VariantName = "[No Variations]"
Change component parameters (AddParameter): Name = "Mouser Price/Stock"; Value = ""; VariantName = "[No Variations]"
Change component parameters: Designator = "J16" ("J16"); Footprint = "KF1282544P"; UniqueID = "\OYWDLLQE" ("\OYWDLLQE")
Change component parameters: Designator = "J20" ("J20"); Footprint = "M20-2pin"; UniqueID = "\BGVGUNAD" ("\BGVGUNAD")
Change component parameters (AddParameter): Name = "Color"; Value = "Green"; VariantName = "[No Variations]"
Change component parameters (AddParameter): Name = "Connector Type"; Value = "Male Pin"; VariantName = "[No Variations]"
Change component parameters (AddParameter): Name = "Contact Material"; Value = "Brass"; VariantName = "[No Variations]"
Change component parameters (AddParameter): Name = "Contact Plating"; Value = "Tin"; VariantName = "[No Variations]"
Change component parameters (AddParameter): Name = "Contact Resistance"; Value = "20mR"; VariantName = "[No Variations]"
Change component parameters (AddParameter): Name = "Contact Type"; Value = "Male Pin"; VariantName = "[No Variations]"
Change component parameters (AddParameter): Name = "Depth"; Value = "5.75mm"; VariantName = "[No Variations]"
Change component parameters (AddParameter): Name = "Fastening Type"; Value = "Detent"; VariantName = "[No Variations]"
Change component parameters (AddParameter): Name = "Housing Color"; Value = "White"; VariantName = "[No Variations]"
Change component parameters (AddParameter): Name = "Housing Material"; Value = "Polyamide"; VariantName = "[No Variations]"
Change component parameters (AddParameter): Name = "Lead Free"; Value = "Lead Free"; VariantName = "[No Variations]"
Change component parameters (AddParameter): Name = "Length"; Value = "7.4mm"; VariantName = "[No Variations]"
Change component parameters (AddParameter): Name = "Max Current Rating"; Value = "3A"; VariantName = "[No Variations]"
Change component parameters (AddParameter): Name = "Max Operating Temperature"; Value = "85°C"; VariantName = "[No Variations]"
Change component parameters (AddParameter): Name = "Max Voltage Rating (AC)"; Value = "250V"; VariantName = "[No Variations]"
Change component parameters (AddParameter): Name = "Min Operating Temperature"; Value = "-25°C"; VariantName = "[No Variations]"
Change component parameters (AddParameter): Name = "Mount"; Value = "Through Hole"; VariantName = "[No Variations]"
Change component parameters (AddParameter): Name = "Number of Positions"; Value = "2"; VariantName = "[No Variations]"
Change component parameters (AddParameter): Name = "Number of Rows"; Value = "1"; VariantName = "[No Variations]"
Change component parameters (AddParameter): Name = "Orientation"; Value = "Straight"; VariantName = "[No Variations]"
Change component parameters (AddParameter): Name = "Packaging"; Value = "Bulk"; VariantName = "[No Variations]"
Change component parameters (AddParameter): Name = "Pitch"; Value = "2.5mm"; VariantName = "[No Variations]"
Change component parameters (AddParameter): Name = "Series"; Value = "XH"; VariantName = "[No Variations]"
Change component parameters (AddParameter): Name = "Termination"; Value = "Solder"; VariantName = "[No Variations]"
Change component parameters: Designator = "J21" ("J21"); Footprint = "M20-2pin"; UniqueID = "\SALGQIIE" ("\SALGQIIE")
Change component parameters (AddParameter): Name = "Color"; Value = "Natural"; VariantName = "[No Variations]"
Change component parameters (AddParameter): Name = "Connector Type"; Value = "Header"; VariantName = "[No Variations]"
Change component parameters (AddParameter): Name = "Contact Finish - Mating"; Value = "TIN"; VariantName = "[No Variations]"
Change component parameters (AddParameter): Name = "Contact Material"; Value = "Brass"; VariantName = "[No Variations]"
Change component parameters (AddParameter): Name = "Contact Plating"; Value = "Tin"; VariantName = "[No Variations]"
Change component parameters (AddParameter): Name = "Contact Resistance"; Value = "20mR"; VariantName = "[No Variations]"
Change component parameters (AddParameter): Name = "Contact Shape"; Value = "Square"; VariantName = "[No Variations]"
Change component parameters (AddParameter): Name = "Contact Type"; Value = "Male Pin"; VariantName = "[No Variations]"
Change component parameters (AddParameter): Name = "Current Rating"; Value = "3A"; VariantName = "[No Variations]"
Change component parameters (AddParameter): Name = "Depth"; Value = "5.75mm"; VariantName = "[No Variations]"
Change component parameters (AddParameter): Name = "Fastening Type"; Value = "Detent"; VariantName = "[No Variations]"
Change component parameters (AddParameter): Name = "Flammability Rating"; Value = "UL94 V-0"; VariantName = "[No Variations]"
Change component parameters (AddParameter): Name = "Gender"; Value = "Male"; VariantName = "[No Variations]"
Change component parameters (AddParameter): Name = "Housing Color"; Value = "White"; VariantName = "[No Variations]"
Change component parameters (AddParameter): Name = "Housing Material"; Value = "Polyamide"; VariantName = "[No Variations]"
Change component parameters (AddParameter): Name = "Insulation Color"; Value = "Natural"; VariantName = "[No Variations]"
Change component parameters (AddParameter): Name = "Insulation Material"; Value = "Nylon"; VariantName = "[No Variations]"
Change component parameters (AddParameter): Name = "Insulation Resistance"; Value = "1GR"; VariantName = "[No Variations]"
Change component parameters (AddParameter): Name = "Lead Free"; Value = "Lead Free"; VariantName = "[No Variations]"
Change component parameters (AddParameter): Name = "Lead Pitch"; Value = "2.5mm"; VariantName = "[No Variations]"
Change component parameters (AddParameter): Name = "Length"; Value = "12.4mm"; VariantName = "[No Variations]"
Change component parameters (AddParameter): Name = "Mated Stacking Heights"; Value = "9.8mm"; VariantName = "[No Variations]"
Change component parameters (AddParameter): Name = "Material"; Value = "Polyamide"; VariantName = "[No Variations]"
Change component parameters (AddParameter): Name = "Max Current Rating"; Value = "3A"; VariantName = "[No Variations]"
Change component parameters (AddParameter): Name = "Max Operating Temperature"; Value = "85°C"; VariantName = "[No Variations]"
Change component parameters (AddParameter): Name = "Max Voltage Rating (AC)"; Value = "250V"; VariantName = "[No Variations]"
Change component parameters (AddParameter): Name = "Max Voltage Rating (DC)"; Value = "250V"; VariantName = "[No Variations]"
Change component parameters (AddParameter): Name = "Min Operating Temperature"; Value = "-25°C"; VariantName = "[No Variations]"
Change component parameters (AddParameter): Name = "Mount"; Value = "Through Hole"; VariantName = "[No Variations]"
Change component parameters (AddParameter): Name = "Number of Contacts"; Value = "4"; VariantName = "[No Variations]"
Change component parameters (AddParameter): Name = "Number of Positions"; Value = "4"; VariantName = "[No Variations]"
Change component parameters (AddParameter): Name = "Number of Rows"; Value = "1"; VariantName = "[No Variations]"
Change component parameters (AddParameter): Name = "Orientation"; Value = "Straight"; VariantName = "[No Variations]"
Change component parameters (AddParameter): Name = "Package Quantity"; Value = "500"; VariantName = "[No Variations]"
Change component parameters (AddParameter): Name = "Packaging"; Value = "Bulk"; VariantName = "[No Variations]"
Change component parameters (AddParameter): Name = "Pitch"; Value = "2.5mm"; VariantName = "[No Variations]"
Change component parameters (AddParameter): Name = "REACH SVHC"; Value = "No SVHC"; VariantName = "[No Variations]"
Change component parameters (AddParameter): Name = "Series"; Value = "XH"; VariantName = "[No Variations]"
Change component parameters (AddParameter): Name = "Termination"; Value = "Solder"; VariantName = "[No Variations]"
Change component parameters (AddParameter): Name = "Voltage Rating"; Value = "250V"; VariantName = "[No Variations]"
Change component parameters (AddParameter): Name = "Voltage Rating (AC)"; Value = "250V"; VariantName = "[No Variations]"
Change component parameters (AddParameter): Name = "Wire/Cable Gauge"; Value = "22AWG"; VariantName = "[No Variations]"
Change component parameters: Designator = "J26" ("J26"); Footprint = "M20-4pin"; UniqueID = "\XYCFJZKM" ("\XYCFJZKM")
Change component parameters (AddParameter): Name = "Color"; Value = "Natural"; VariantName = "[No Variations]"
Change component parameters (AddParameter): Name = "Connector Type"; Value = "Header"; VariantName = "[No Variations]"
Change component parameters (AddParameter): Name = "Contact Finish - Mating"; Value = "TIN"; VariantName = "[No Variations]"
Change component parameters (AddParameter): Name = "Contact Material"; Value = "Brass"; VariantName = "[No Variations]"
Change component parameters (AddParameter): Name = "Contact Plating"; Value = "Tin"; VariantName = "[No Variations]"
Change component parameters (AddParameter): Name = "Contact Resistance"; Value = "20mR"; VariantName = "[No Variations]"
Change component parameters (AddParameter): Name = "Contact Shape"; Value = "Square"; VariantName = "[No Variations]"
Change component parameters (AddParameter): Name = "Contact Type"; Value = "Male Pin"; VariantName = "[No Variations]"
Change component parameters (AddParameter): Name = "Current Rating"; Value = "3A"; VariantName = "[No Variations]"
Change component parameters (AddParameter): Name = "Depth"; Value = "5.75mm"; VariantName = "[No Variations]"
Change component parameters (AddParameter): Name = "Fastening Type"; Value = "Detent"; VariantName = "[No Variations]"
Change component parameters (AddParameter): Name = "Flammability Rating"; Value = "UL94 V-0"; VariantName = "[No Variations]"
Change component parameters (AddParameter): Name = "Gender"; Value = "Male"; VariantName = "[No Variations]"
Change component parameters (AddParameter): Name = "Housing Color"; Value = "White"; VariantName = "[No Variations]"
Change component parameters (AddParameter): Name = "Housing Material"; Value = "Polyamide"; VariantName = "[No Variations]"
Change component parameters (AddParameter): Name = "Insulation Color"; Value = "Natural"; VariantName = "[No Variations]"
Change component parameters (AddParameter): Name = "Insulation Material"; Value = "Nylon"; VariantName = "[No Variations]"
Change component parameters (AddParameter): Name = "Insulation Resistance"; Value = "1GR"; VariantName = "[No Variations]"
Change component parameters (AddParameter): Name = "Lead Free"; Value = "Lead Free"; VariantName = "[No Variations]"
Change component parameters (AddParameter): Name = "Lead Pitch"; Value = "2.5mm"; VariantName = "[No Variations]"
Change component parameters (AddParameter): Name = "Length"; Value = "12.4mm"; VariantName = "[No Variations]"
Change component parameters (AddParameter): Name = "Mated Stacking Heights"; Value = "9.8mm"; VariantName = "[No Variations]"
Change component parameters (AddParameter): Name = "Material"; Value = "Polyamide"; VariantName = "[No Variations]"
Change component parameters (AddParameter): Name = "Max Current Rating"; Value = "3A"; VariantName = "[No Variations]"
Change component parameters (AddParameter): Name = "Max Operating Temperature"; Value = "85°C"; VariantName = "[No Variations]"
Change component parameters (AddParameter): Name = "Max Voltage Rating (AC)"; Value = "250V"; VariantName = "[No Variations]"
Change component parameters (AddParameter): Name = "Max Voltage Rating (DC)"; Value = "250V"; VariantName = "[No Variations]"
Change component parameters (AddParameter): Name = "Min Operating Temperature"; Value = "-25°C"; VariantName = "[No Variations]"
Change component parameters (AddParameter): Name = "Mount"; Value = "Through Hole"; VariantName = "[No Variations]"
Change component parameters (AddParameter): Name = "Number of Contacts"; Value = "4"; VariantName = "[No Variations]"
Change component parameters (AddParameter): Name = "Number of Positions"; Value = "4"; VariantName = "[No Variations]"
Change component parameters (AddParameter): Name = "Number of Rows"; Value = "1"; VariantName = "[No Variations]"
Change component parameters (AddParameter): Name = "Orientation"; Value = "Straight"; VariantName = "[No Variations]"
Change component parameters (AddParameter): Name = "Package Quantity"; Value = "500"; VariantName = "[No Variations]"
Change component parameters (AddParameter): Name = "Packaging"; Value = "Bulk"; VariantName = "[No Variations]"
Change component parameters (AddParameter): Name = "Pitch"; Value = "2.5mm"; VariantName = "[No Variations]"
Change component parameters (AddParameter): Name = "REACH SVHC"; Value = "No SVHC"; VariantName = "[No Variations]"
Change component parameters (AddParameter): Name = "Series"; Value = "XH"; VariantName = "[No Variations]"
Change component parameters (AddParameter): Name = "Termination"; Value = "Solder"; VariantName = "[No Variations]"
Change component parameters (AddParameter): Name = "Voltage Rating"; Value = "250V"; VariantName = "[No Variations]"
Change component parameters (AddParameter): Name = "Voltage Rating (AC)"; Value = "250V"; VariantName = "[No Variations]"
Change component parameters (AddParameter): Name = "Wire/Cable Gauge"; Value = "22AWG"; VariantName = "[No Variations]"
Change component parameters: Designator = "J29" ("J29"); Footprint = "M20-4pin"; UniqueID = "\HPJALSOV" ("\HPJALSOV")
Change component parameters (AddParameter): Name = "Color"; Value = "Natural"; VariantName = "[No Variations]"
Change component parameters (AddParameter): Name = "Connector Type"; Value = "Header"; VariantName = "[No Variations]"
Change component parameters (AddParameter): Name = "Contact Finish - Mating"; Value = "TIN"; VariantName = "[No Variations]"
Change component parameters (AddParameter): Name = "Contact Material"; Value = "Brass"; VariantName = "[No Variations]"
Change component parameters (AddParameter): Name = "Contact Plating"; Value = "Tin"; VariantName = "[No Variations]"
Change component parameters (AddParameter): Name = "Contact Resistance"; Value = "20mR"; VariantName = "[No Variations]"
Change component parameters (AddParameter): Name = "Contact Shape"; Value = "Square"; VariantName = "[No Variations]"
Change component parameters (AddParameter): Name = "Contact Type"; Value = "Male Pin"; VariantName = "[No Variations]"
Change component parameters (AddParameter): Name = "Current Rating"; Value = "3A"; VariantName = "[No Variations]"
Change component parameters (AddParameter): Name = "Depth"; Value = "5.75mm"; VariantName = "[No Variations]"
Change component parameters (AddParameter): Name = "Fastening Type"; Value = "Detent"; VariantName = "[No Variations]"
Change component parameters (AddParameter): Name = "Flammability Rating"; Value = "UL94 V-0"; VariantName = "[No Variations]"
Change component parameters (AddParameter): Name = "Gender"; Value = "Male"; VariantName = "[No Variations]"
Change component parameters (AddParameter): Name = "Housing Color"; Value = "White"; VariantName = "[No Variations]"
Change component parameters (AddParameter): Name = "Housing Material"; Value = "Polyamide"; VariantName = "[No Variations]"
Change component parameters (AddParameter): Name = "Insulation Color"; Value = "Natural"; VariantName = "[No Variations]"
Change component parameters (AddParameter): Name = "Insulation Material"; Value = "Nylon"; VariantName = "[No Variations]"
Change component parameters (AddParameter): Name = "Insulation Resistance"; Value = "1GR"; VariantName = "[No Variations]"
Change component parameters (AddParameter): Name = "Lead Free"; Value = "Lead Free"; VariantName = "[No Variations]"
Change component parameters (AddParameter): Name = "Lead Pitch"; Value = "2.5mm"; VariantName = "[No Variations]"
Change component parameters (AddParameter): Name = "Length"; Value = "12.4mm"; VariantName = "[No Variations]"
Change component parameters (AddParameter): Name = "Mated Stacking Heights"; Value = "9.8mm"; VariantName = "[No Variations]"
Change component parameters (AddParameter): Name = "Material"; Value = "Polyamide"; VariantName = "[No Variations]"
Change component parameters (AddParameter): Name = "Max Current Rating"; Value = "3A"; VariantName = "[No Variations]"
Change component parameters (AddParameter): Name = "Max Operating Temperature"; Value = "85°C"; VariantName = "[No Variations]"
Change component parameters (AddParameter): Name = "Max Voltage Rating (AC)"; Value = "250V"; VariantName = "[No Variations]"
Change component parameters (AddParameter): Name = "Max Voltage Rating (DC)"; Value = "250V"; VariantName = "[No Variations]"
Change component parameters (AddParameter): Name = "Min Operating Temperature"; Value = "-25°C"; VariantName = "[No Variations]"
Change component parameters (AddParameter): Name = "Mount"; Value = "Through Hole"; VariantName = "[No Variations]"
Change component parameters (AddParameter): Name = "Number of Contacts"; Value = "4"; VariantName = "[No Variations]"
Change component parameters (AddParameter): Name = "Number of Positions"; Value = "4"; VariantName = "[No Variations]"
Change component parameters (AddParameter): Name = "Number of Rows"; Value = "1"; VariantName = "[No Variations]"
Change component parameters (AddParameter): Name = "Orientation"; Value = "Straight"; VariantName = "[No Variations]"
Change component parameters (AddParameter): Name = "Package Quantity"; Value = "500"; VariantName = "[No Variations]"
Change component parameters (AddParameter): Name = "Packaging"; Value = "Bulk"; VariantName = "[No Variations]"
Change component parameters (AddParameter): Name = "Pitch"; Value = "2.5mm"; VariantName = "[No Variations]"
Change component parameters (AddParameter): Name = "REACH SVHC"; Value = "No SVHC"; VariantName = "[No Variations]"
Change component parameters (AddParameter): Name = "Series"; Value = "XH"; VariantName = "[No Variations]"
Change component parameters (AddParameter): Name = "Termination"; Value = "Solder"; VariantName = "[No Variations]"
Change component parameters (AddParameter): Name = "Voltage Rating"; Value = "250V"; VariantName = "[No Variations]"
Change component parameters (AddParameter): Name = "Voltage Rating (AC)"; Value = "250V"; VariantName = "[No Variations]"
Change component parameters (AddParameter): Name = "Wire/Cable Gauge"; Value = "22AWG"; VariantName = "[No Variations]"
Added Component: Designator=C20(CAPC1608X90X35LL15T15)
Add component (AddParameter): Name = "Manufacturer"; Value = "AVX Interconnect / Elco"; VariantName = "[No Variations]"
Add component (AddParameter): Name = "Part Number"; Value = "0603ZC101KAT2A"; VariantName = "[No Variations]"
Added Component: Designator=C21(CAPC1608X90X35LL15T15)
Add component (AddParameter): Name = "Manufacturer"; Value = "AVX Interconnect / Elco"; VariantName = "[No Variations]"
Add component (AddParameter): Name = "Part Number"; Value = "0603ZC101KAT2A"; VariantName = "[No Variations]"
Added Component: Designator=C22(CAPC1608X90X35LL15T15)
Add component (AddParameter): Name = "Manufacturer"; Value = "AVX Interconnect / Elco"; VariantName = "[No Variations]"
Add component (AddParameter): Name = "Part Number"; Value = "0603ZC101KAT2A"; VariantName = "[No Variations]"
Added Component: Designator=C23(CAPC1608X90X35LL15T15)
Add component (AddParameter): Name = "Manufacturer"; Value = "AVX Interconnect / Elco"; VariantName = "[No Variations]"
Add component (AddParameter): Name = "Part Number"; Value = "0603ZC101KAT2A"; VariantName = "[No Variations]"
Added Component: Designator=C24(CAPC1608X90X35LL15T15)
Add component (AddParameter): Name = "Manufacturer"; Value = "AVX Interconnect / Elco"; VariantName = "[No Variations]"
Add component (AddParameter): Name = "Part Number"; Value = "0603ZC101KAT2A"; VariantName = "[No Variations]"
Added Component: Designator=C25(CAPC1608X90X35LL15T15)
Add component (AddParameter): Name = "Manufacturer"; Value = "AVX Interconnect / Elco"; VariantName = "[No Variations]"
Add component (AddParameter): Name = "Part Number"; Value = "0603ZC101KAT2A"; VariantName = "[No Variations]"
Added Component: Designator=C26(CAPC1608X90X35LL15T15)
Add component (AddParameter): Name = "Manufacturer"; Value = "AVX Interconnect / Elco"; VariantName = "[No Variations]"
Add component (AddParameter): Name = "Part Number"; Value = "0603ZC101KAT2A"; VariantName = "[No Variations]"
Added Component: Designator=C27(CAPC1608X90X35LL15T15)
Add component (AddParameter): Name = "Manufacturer"; Value = "AVX Interconnect / Elco"; VariantName = "[No Variations]"
Add component (AddParameter): Name = "Part Number"; Value = "0603ZC101KAT2A"; VariantName = "[No Variations]"
Added Component: Designator=C28(CAPC1608X90X35LL15T15)
Add component (AddParameter): Name = "Manufacturer"; Value = "AVX Interconnect / Elco"; VariantName = "[No Variations]"
Add component (AddParameter): Name = "Part Number"; Value = "0603ZC101KAT2A"; VariantName = "[No Variations]"
Added Component: Designator=C29(CAPC1608X90X35LL15T15)
Add component (AddParameter): Name = "Manufacturer"; Value = "AVX Interconnect / Elco"; VariantName = "[No Variations]"
Add component (AddParameter): Name = "Part Number"; Value = "0603ZC101KAT2A"; VariantName = "[No Variations]"
Added Component: Designator=C30(CAPC1608X90X35LL15T15)
Add component (AddParameter): Name = "Manufacturer"; Value = "AVX Interconnect / Elco"; VariantName = "[No Variations]"
Add component (AddParameter): Name = "Part Number"; Value = "0603ZC101KAT2A"; VariantName = "[No Variations]"
Added Component: Designator=C31(CAPC1608X90X35LL15T15)
Add component (AddParameter): Name = "Manufacturer"; Value = "AVX Interconnect / Elco"; VariantName = "[No Variations]"
Add component (AddParameter): Name = "Part Number"; Value = "0603ZC101KAT2A"; VariantName = "[No Variations]"
Added Component: Designator=IC3(A4988)
Added Component: Designator=IC4(A4988)
Added Component: Designator=IC5(A4988)
Added Component: Designator=IC6(A4988)
Added Component: Designator=J32(FP-B4B-XH-A_LF_SN-MFG)
Add component (AddParameter): Name = "Color"; Value = "Natural"; VariantName = "[No Variations]"
Add component (AddParameter): Name = "Connector Type"; Value = "Header"; VariantName = "[No Variations]"
Add component (AddParameter): Name = "Contact Finish - Mating"; Value = "TIN"; VariantName = "[No Variations]"
Add component (AddParameter): Name = "Contact Material"; Value = "Brass"; VariantName = "[No Variations]"
Add component (AddParameter): Name = "Contact Plating"; Value = "Tin"; VariantName = "[No Variations]"
Add component (AddParameter): Name = "Contact Resistance"; Value = "20mR"; VariantName = "[No Variations]"
Add component (AddParameter): Name = "Contact Shape"; Value = "Square"; VariantName = "[No Variations]"
Add component (AddParameter): Name = "Contact Type"; Value = "Male Pin"; VariantName = "[No Variations]"
Add component (AddParameter): Name = "Current Rating"; Value = "3A"; VariantName = "[No Variations]"
Add component (AddParameter): Name = "Depth"; Value = "5.75mm"; VariantName = "[No Variations]"
Add component (AddParameter): Name = "Fastening Type"; Value = "Detent"; VariantName = "[No Variations]"
Add component (AddParameter): Name = "Flammability Rating"; Value = "UL94 V-0"; VariantName = "[No Variations]"
Add component (AddParameter): Name = "Gender"; Value = "Male"; VariantName = "[No Variations]"
Add component (AddParameter): Name = "Housing Color"; Value = "White"; VariantName = "[No Variations]"
Add component (AddParameter): Name = "Housing Material"; Value = "Polyamide"; VariantName = "[No Variations]"
Add component (AddParameter): Name = "Insulation Color"; Value = "Natural"; VariantName = "[No Variations]"
Add component (AddParameter): Name = "Insulation Material"; Value = "Nylon"; VariantName = "[No Variations]"
Add component (AddParameter): Name = "Insulation Resistance"; Value = "1GR"; VariantName = "[No Variations]"
Add component (AddParameter): Name = "Lead Free"; Value = "Lead Free"; VariantName = "[No Variations]"
Add component (AddParameter): Name = "Lead Pitch"; Value = "2.5mm"; VariantName = "[No Variations]"
Add component (AddParameter): Name = "Length"; Value = "12.4mm"; VariantName = "[No Variations]"
Add component (AddParameter): Name = "Mated Stacking Heights"; Value = "9.8mm"; VariantName = "[No Variations]"
Add component (AddParameter): Name = "Material"; Value = "Polyamide"; VariantName = "[No Variations]"
Add component (AddParameter): Name = "Max Current Rating"; Value = "3A"; VariantName = "[No Variations]"
Add component (AddParameter): Name = "Max Operating Temperature"; Value = "85°C"; VariantName = "[No Variations]"
Add component (AddParameter): Name = "Max Voltage Rating (AC)"; Value = "250V"; VariantName = "[No Variations]"
Add component (AddParameter): Name = "Max Voltage Rating (DC)"; Value = "250V"; VariantName = "[No Variations]"
Add component (AddParameter): Name = "Min Operating Temperature"; Value = "-25°C"; VariantName = "[No Variations]"
Add component (AddParameter): Name = "Mount"; Value = "Through Hole"; VariantName = "[No Variations]"
Add component (AddParameter): Name = "Number of Contacts"; Value = "4"; VariantName = "[No Variations]"
Add component (AddParameter): Name = "Number of Positions"; Value = "4"; VariantName = "[No Variations]"
Add component (AddParameter): Name = "Number of Rows"; Value = "1"; VariantName = "[No Variations]"
Add component (AddParameter): Name = "Orientation"; Value = "Straight"; VariantName = "[No Variations]"
Add component (AddParameter): Name = "Package Quantity"; Value = "500"; VariantName = "[No Variations]"
Add component (AddParameter): Name = "Packaging"; Value = "Bulk"; VariantName = "[No Variations]"
Add component (AddParameter): Name = "Pitch"; Value = "2.5mm"; VariantName = "[No Variations]"
Add component (AddParameter): Name = "REACH SVHC"; Value = "No SVHC"; VariantName = "[No Variations]"
Add component (AddParameter): Name = "Series"; Value = "XH"; VariantName = "[No Variations]"
Add component (AddParameter): Name = "Termination"; Value = "Solder"; VariantName = "[No Variations]"
Add component (AddParameter): Name = "Voltage Rating"; Value = "250V"; VariantName = "[No Variations]"
Add component (AddParameter): Name = "Voltage Rating (AC)"; Value = "250V"; VariantName = "[No Variations]"
Add component (AddParameter): Name = "Wire/Cable Gauge"; Value = "22AWG"; VariantName = "[No Variations]"
Added Component: Designator=J33(FP-B4B-XH-A_LF_SN-MFG)
Add component (AddParameter): Name = "Color"; Value = "Natural"; VariantName = "[No Variations]"
Add component (AddParameter): Name = "Connector Type"; Value = "Header"; VariantName = "[No Variations]"
Add component (AddParameter): Name = "Contact Finish - Mating"; Value = "TIN"; VariantName = "[No Variations]"
Add component (AddParameter): Name = "Contact Material"; Value = "Brass"; VariantName = "[No Variations]"
Add component (AddParameter): Name = "Contact Plating"; Value = "Tin"; VariantName = "[No Variations]"
Add component (AddParameter): Name = "Contact Resistance"; Value = "20mR"; VariantName = "[No Variations]"
Add component (AddParameter): Name = "Contact Shape"; Value = "Square"; VariantName = "[No Variations]"
Add component (AddParameter): Name = "Contact Type"; Value = "Male Pin"; VariantName = "[No Variations]"
Add component (AddParameter): Name = "Current Rating"; Value = "3A"; VariantName = "[No Variations]"
Add component (AddParameter): Name = "Depth"; Value = "5.75mm"; VariantName = "[No Variations]"
Add component (AddParameter): Name = "Fastening Type"; Value = "Detent"; VariantName = "[No Variations]"
Add component (AddParameter): Name = "Flammability Rating"; Value = "UL94 V-0"; VariantName = "[No Variations]"
Add component (AddParameter): Name = "Gender"; Value = "Male"; VariantName = "[No Variations]"
Add component (AddParameter): Name = "Housing Color"; Value = "White"; VariantName = "[No Variations]"
Add component (AddParameter): Name = "Housing Material"; Value = "Polyamide"; VariantName = "[No Variations]"
Add component (AddParameter): Name = "Insulation Color"; Value = "Natural"; VariantName = "[No Variations]"
Add component (AddParameter): Name = "Insulation Material"; Value = "Nylon"; VariantName = "[No Variations]"
Add component (AddParameter): Name = "Insulation Resistance"; Value = "1GR"; VariantName = "[No Variations]"
Add component (AddParameter): Name = "Lead Free"; Value = "Lead Free"; VariantName = "[No Variations]"
Add component (AddParameter): Name = "Lead Pitch"; Value = "2.5mm"; VariantName = "[No Variations]"
Add component (AddParameter): Name = "Length"; Value = "12.4mm"; VariantName = "[No Variations]"
Add component (AddParameter): Name = "Mated Stacking Heights"; Value = "9.8mm"; VariantName = "[No Variations]"
Add component (AddParameter): Name = "Material"; Value = "Polyamide"; VariantName = "[No Variations]"
Add component (AddParameter): Name = "Max Current Rating"; Value = "3A"; VariantName = "[No Variations]"
Add component (AddParameter): Name = "Max Operating Temperature"; Value = "85°C"; VariantName = "[No Variations]"
Add component (AddParameter): Name = "Max Voltage Rating (AC)"; Value = "250V"; VariantName = "[No Variations]"
Add component (AddParameter): Name = "Max Voltage Rating (DC)"; Value = "250V"; VariantName = "[No Variations]"
Add component (AddParameter): Name = "Min Operating Temperature"; Value = "-25°C"; VariantName = "[No Variations]"
Add component (AddParameter): Name = "Mount"; Value = "Through Hole"; VariantName = "[No Variations]"
Add component (AddParameter): Name = "Number of Contacts"; Value = "4"; VariantName = "[No Variations]"
Add component (AddParameter): Name = "Number of Positions"; Value = "4"; VariantName = "[No Variations]"
Add component (AddParameter): Name = "Number of Rows"; Value = "1"; VariantName = "[No Variations]"
Add component (AddParameter): Name = "Orientation"; Value = "Straight"; VariantName = "[No Variations]"
Add component (AddParameter): Name = "Package Quantity"; Value = "500"; VariantName = "[No Variations]"
Add component (AddParameter): Name = "Packaging"; Value = "Bulk"; VariantName = "[No Variations]"
Add component (AddParameter): Name = "Pitch"; Value = "2.5mm"; VariantName = "[No Variations]"
Add component (AddParameter): Name = "REACH SVHC"; Value = "No SVHC"; VariantName = "[No Variations]"
Add component (AddParameter): Name = "Series"; Value = "XH"; VariantName = "[No Variations]"
Add component (AddParameter): Name = "Termination"; Value = "Solder"; VariantName = "[No Variations]"
Add component (AddParameter): Name = "Voltage Rating"; Value = "250V"; VariantName = "[No Variations]"
Add component (AddParameter): Name = "Voltage Rating (AC)"; Value = "250V"; VariantName = "[No Variations]"
Add component (AddParameter): Name = "Wire/Cable Gauge"; Value = "22AWG"; VariantName = "[No Variations]"
Added Component: Designator=J34(FP-B4B-XH-A_LF_SN-MFG)
Add component (AddParameter): Name = "Color"; Value = "Natural"; VariantName = "[No Variations]"
Add component (AddParameter): Name = "Connector Type"; Value = "Header"; VariantName = "[No Variations]"
Add component (AddParameter): Name = "Contact Finish - Mating"; Value = "TIN"; VariantName = "[No Variations]"
Add component (AddParameter): Name = "Contact Material"; Value = "Brass"; VariantName = "[No Variations]"
Add component (AddParameter): Name = "Contact Plating"; Value = "Tin"; VariantName = "[No Variations]"
Add component (AddParameter): Name = "Contact Resistance"; Value = "20mR"; VariantName = "[No Variations]"
Add component (AddParameter): Name = "Contact Shape"; Value = "Square"; VariantName = "[No Variations]"
Add component (AddParameter): Name = "Contact Type"; Value = "Male Pin"; VariantName = "[No Variations]"
Add component (AddParameter): Name = "Current Rating"; Value = "3A"; VariantName = "[No Variations]"
Add component (AddParameter): Name = "Depth"; Value = "5.75mm"; VariantName = "[No Variations]"
Add component (AddParameter): Name = "Fastening Type"; Value = "Detent"; VariantName = "[No Variations]"
Add component (AddParameter): Name = "Flammability Rating"; Value = "UL94 V-0"; VariantName = "[No Variations]"
Add component (AddParameter): Name = "Gender"; Value = "Male"; VariantName = "[No Variations]"
Add component (AddParameter): Name = "Housing Color"; Value = "White"; VariantName = "[No Variations]"
Add component (AddParameter): Name = "Housing Material"; Value = "Polyamide"; VariantName = "[No Variations]"
Add component (AddParameter): Name = "Insulation Color"; Value = "Natural"; VariantName = "[No Variations]"
Add component (AddParameter): Name = "Insulation Material"; Value = "Nylon"; VariantName = "[No Variations]"
Add component (AddParameter): Name = "Insulation Resistance"; Value = "1GR"; VariantName = "[No Variations]"
Add component (AddParameter): Name = "Lead Free"; Value = "Lead Free"; VariantName = "[No Variations]"
Add component (AddParameter): Name = "Lead Pitch"; Value = "2.5mm"; VariantName = "[No Variations]"
Add component (AddParameter): Name = "Length"; Value = "12.4mm"; VariantName = "[No Variations]"
Add component (AddParameter): Name = "Mated Stacking Heights"; Value = "9.8mm"; VariantName = "[No Variations]"
Add component (AddParameter): Name = "Material"; Value = "Polyamide"; VariantName = "[No Variations]"
Add component (AddParameter): Name = "Max Current Rating"; Value = "3A"; VariantName = "[No Variations]"
Add component (AddParameter): Name = "Max Operating Temperature"; Value = "85°C"; VariantName = "[No Variations]"
Add component (AddParameter): Name = "Max Voltage Rating (AC)"; Value = "250V"; VariantName = "[No Variations]"
Add component (AddParameter): Name = "Max Voltage Rating (DC)"; Value = "250V"; VariantName = "[No Variations]"
Add component (AddParameter): Name = "Min Operating Temperature"; Value = "-25°C"; VariantName = "[No Variations]"
Add component (AddParameter): Name = "Mount"; Value = "Through Hole"; VariantName = "[No Variations]"
Add component (AddParameter): Name = "Number of Contacts"; Value = "4"; VariantName = "[No Variations]"
Add component (AddParameter): Name = "Number of Positions"; Value = "4"; VariantName = "[No Variations]"
Add component (AddParameter): Name = "Number of Rows"; Value = "1"; VariantName = "[No Variations]"
Add component (AddParameter): Name = "Orientation"; Value = "Straight"; VariantName = "[No Variations]"
Add component (AddParameter): Name = "Package Quantity"; Value = "500"; VariantName = "[No Variations]"
Add component (AddParameter): Name = "Packaging"; Value = "Bulk"; VariantName = "[No Variations]"
Add component (AddParameter): Name = "Pitch"; Value = "2.5mm"; VariantName = "[No Variations]"
Add component (AddParameter): Name = "REACH SVHC"; Value = "No SVHC"; VariantName = "[No Variations]"
Add component (AddParameter): Name = "Series"; Value = "XH"; VariantName = "[No Variations]"
Add component (AddParameter): Name = "Termination"; Value = "Solder"; VariantName = "[No Variations]"
Add component (AddParameter): Name = "Voltage Rating"; Value = "250V"; VariantName = "[No Variations]"
Add component (AddParameter): Name = "Voltage Rating (AC)"; Value = "250V"; VariantName = "[No Variations]"
Add component (AddParameter): Name = "Wire/Cable Gauge"; Value = "22AWG"; VariantName = "[No Variations]"
Added Component: Designator=J35(M20-3PIN)
Added Component: Designator=J36(M20-3PIN)
Added Component: Designator=J37(M20-3PIN)
Added Component: Designator=J44(M20-3PIN)
Add Pin To Net: Unknown Pin: Pin *-1
Add Pin To Net: Unknown Pin: Pin *-3
Add Pin To Net: Unknown Pin: Pin *-9
Add Pin To Net: Unknown Pin: Pin *-10
Add Pin To Net: Unknown Pin: Pin *-13
Add Pin To Net: Unknown Pin: Pin *-17
Added Pin To Net: NetName=GND Pin=C8-2
Added Pin To Net: NetName=GND Pin=C9-1
Added Pin To Net: NetName=GND Pin=C10-1
Added Pin To Net: NetName=GND Pin=C18-1
Added Pin To Net: NetName=3.3V Pin=C18-2
Added Pin To Net: NetName=GND Pin=C19-1
Added Pin To Net: NetName=3.3V Pin=C19-2
Added Pin To Net: NetName=GND Pin=C20-2
Added Pin To Net: NetName=GND Pin=C21-2
Added Pin To Net: NetName=GND Pin=C22-2
Added Pin To Net: NetName=3.3V Pin=C23-1
Added Pin To Net: NetName=GND Pin=C23-2
Added Pin To Net: NetName=3.3V Pin=C24-1
Added Pin To Net: NetName=GND Pin=C24-2
Added Pin To Net: NetName=3.3V Pin=C25-1
Added Pin To Net: NetName=GND Pin=C25-2
Added Pin To Net: NetName=GND Pin=C26-2
Added Pin To Net: NetName=GND Pin=C27-2
Added Pin To Net: NetName=GND Pin=C28-2
Added Pin To Net: NetName=3.3V Pin=C29-1
Added Pin To Net: NetName=GND Pin=C29-2
Added Pin To Net: NetName=3.3V Pin=C30-1
Added Pin To Net: NetName=GND Pin=C30-2
Added Pin To Net: NetName=3.3V Pin=C31-1
Added Pin To Net: NetName=GND Pin=C31-2
Added Pin To Net: NetName=P1.3 Pin=IC1-7
Added Pin To Net: NetName=P1.2 Pin=IC1-8
Added Pin To Net: NetName=GND Pin=IC1-9
Added Pin To Net: NetName=GND Pin=IC1-15
Added Pin To Net: NetName=P1.5 Pin=IC2-7
Added Pin To Net: NetName=P1.4 Pin=IC2-8
Added Pin To Net: NetName=GND Pin=IC2-15
Added Pin To Net: NetName=GND Pin=IC3-9
Added Pin To Net: NetName=3.3V Pin=IC3-10
Added Pin To Net: NetName=GND Pin=IC3-15
Added Pin To Net: NetName=GND Pin=IC4-9
Added Pin To Net: NetName=3.3V Pin=IC4-10
Added Pin To Net: NetName=GND Pin=IC4-15
Added Pin To Net: NetName=P4.5 Pin=IC5-7
Added Pin To Net: NetName=P4.4 Pin=IC5-8
Added Pin To Net: NetName=GND Pin=IC5-9
Added Pin To Net: NetName=3.3V Pin=IC5-10
Added Pin To Net: NetName=GND Pin=IC5-15
Added Pin To Net: NetName=P4.7 Pin=IC6-7
Added Pin To Net: NetName=P4.6 Pin=IC6-8
Added Pin To Net: NetName=GND Pin=IC6-9
Added Pin To Net: NetName=3.3V Pin=IC6-10
Added Pin To Net: NetName=GND Pin=IC6-15
Added Pin To Net: NetName=3.3V Pin=J8-1
Added Pin To Net: NetName=GND Pin=J8-2
Added Pin To Net: NetName=P0.4 Pin=J8-3
Added Pin To Net: NetName=P0.5 Pin=J8-4
Added Pin To Net: NetName=P4.3 Pin=J8-5
Added Pin To Net: NetName=P1.7 Pin=J9-1
Added Pin To Net: NetName=P1.6 Pin=J9-2
Added Pin To Net: NetName=P1.5 Pin=J9-3
Added Pin To Net: NetName=P1.4 Pin=J9-4
Added Pin To Net: NetName=P1.3 Pin=J9-5
Added Pin To Net: NetName=P1.2 Pin=J9-6
Added Pin To Net: NetName=P0.6 Pin=J14-1
Added Pin To Net: NetName=P0.2 Pin=J14-2
Added Pin To Net: NetName=P0.1 Pin=J14-3
Added Pin To Net: NetName=P0.0 Pin=J14-4
Added Pin To Net: NetName=NetJ15_5 Pin=J15-5
Added Pin To Net: NetName=NetJ15_6 Pin=J15-6
Added Pin To Net: NetName=NetJ17_5 Pin=J17-5
Added Pin To Net: NetName=NetJ17_6 Pin=J17-6
Added Pin To Net: NetName=NetJ17_7 Pin=J17-7
Added Pin To Net: NetName=NetJ17_8 Pin=J17-8
Added Pin To Net: NetName=NetJ18_5 Pin=J18-5
Added Pin To Net: NetName=NetJ18_6 Pin=J18-6
Added Pin To Net: NetName=NetJ18_7 Pin=J18-7
Added Pin To Net: NetName=NetJ18_8 Pin=J18-8
Added Pin To Net: NetName=GND Pin=J20-2
Added Pin To Net: NetName=NetIC2_14 Pin=J26-1
Added Pin To Net: NetName=NetIC2_13 Pin=J26-2
Added Pin To Net: NetName=NetIC2_12 Pin=J26-3
Added Pin To Net: NetName=NetIC2_11 Pin=J26-4
Add Pin To Net: Unknown Pin: Pin J27-5
Add Pin To Net: Unknown Pin: Pin J27-6
Add Pin To Net: Unknown Pin: Pin J27-7
Add Pin To Net: Unknown Pin: Pin J27-8
Add Pin To Net: Unknown Pin: Pin J30-5
Add Pin To Net: Unknown Pin: Pin J30-6
Add Pin To Net: Unknown Pin: Pin J30-7
Add Pin To Net: Unknown Pin: Pin J30-8
Added Pin To Net: NetName=P4.0 Pin=J37-1
Added Pin To Net: NetName=P4.1 Pin=J37-2
Added Pin To Net: NetName=P4.2 Pin=J37-3
Added Pin To Net: NetName=P4.0 Pin=J38-1
Added Pin To Net: NetName=P4.1 Pin=J38-2
Added Pin To Net: NetName=P4.2 Pin=J38-3
Added Pin To Net: NetName=P4.3 Pin=J38-4
Added Pin To Net: NetName=P4.4 Pin=J40-1
Added Pin To Net: NetName=P4.5 Pin=J40-2
Added Pin To Net: NetName=P4.6 Pin=J40-3
Added Pin To Net: NetName=P4.7 Pin=J40-4
Added Pin To Net: NetName=NetJ15_1 Pin=Q10-3
Added Pin To Net: NetName=NetJ15_2 Pin=Q12-3
Added Pin To Net: NetName=NetJ15_3 Pin=Q14-3
Added Pin To Net: NetName=NetJ15_4 Pin=Q16-3
Added Pin To Net: NetName=NetJ15_5 Pin=Q18-3
Added Pin To Net: NetName=NetJ15_6 Pin=Q20-3
Added Pin To Net: NetName=NetJ18_1 Pin=Q22-3
Added Pin To Net: NetName=NetJ18_2 Pin=Q24-3
Added Pin To Net: NetName=NetJ18_3 Pin=Q26-3
Added Pin To Net: NetName=NetJ18_4 Pin=Q28-3
Added Pin To Net: NetName=NetJ18_5 Pin=Q30-3
Added Pin To Net: NetName=NetJ18_6 Pin=Q32-3
Added Pin To Net: NetName=NetJ18_7 Pin=Q34-3
Added Pin To Net: NetName=NetJ18_8 Pin=Q36-3
Added Pin To Net: NetName=3.3V Pin=R9-1
Added Pin To Net: NetName=3.3V Pin=R10-1
Added Pin To Net: NetName=P4.3 Pin=R10-2
Added Pin To Net: NetName=3.3V Pin=R11-1
Added Pin To Net: NetName=NetJ17_8 Pin=R39-2
Added Pin To Net: NetName=NetJ17_7 Pin=R40-2
Added Pin To Net: NetName=NetJ17_6 Pin=R41-2
Added Pin To Net: NetName=NetJ17_5 Pin=R42-2
Added Pin To Net: NetName=NetJ17_4 Pin=R43-2
Added Pin To Net: NetName=NetJ17_3 Pin=R44-2
Added Pin To Net: NetName=NetJ17_2 Pin=R45-2
Added Pin To Net: NetName=NetJ17_1 Pin=R46-2
Added Pin To Net: NetName=P3.0 Pin=IC4-8
Added Pin To Net: NetName=P3.0 Pin=J17-8
Added Pin To Net: NetName=P3.0 Pin=U1-43
Added Net: Name=P3.0
Added Pin To Net: NetName=P3.1 Pin=IC4-7
Added Pin To Net: NetName=P3.1 Pin=J17-7
Added Pin To Net: NetName=P3.1 Pin=U1-44
Added Net: Name=P3.1
Added Pin To Net: NetName=P3.2 Pin=J17-6
Added Pin To Net: NetName=P3.2 Pin=J35-1
Added Pin To Net: NetName=P3.2 Pin=U1-49
Added Net: Name=P3.2
Added Pin To Net: NetName=P3.3 Pin=J17-5
Added Pin To Net: NetName=P3.3 Pin=J35-2
Added Pin To Net: NetName=P3.3 Pin=U1-50
Added Net: Name=P3.3
Added Pin To Net: NetName=P3.4 Pin=J17-4
Added Pin To Net: NetName=P3.4 Pin=J35-3
Added Pin To Net: NetName=P3.4 Pin=U1-51
Added Net: Name=P3.4
Added Pin To Net: NetName=P3.5 Pin=J7-6
Added Pin To Net: NetName=P3.5 Pin=J17-3
Added Pin To Net: NetName=P3.5 Pin=U1-52
Added Net: Name=P3.5
Added Pin To Net: NetName=P3.6 Pin=IC3-8
Added Pin To Net: NetName=P3.6 Pin=J17-2
Added Pin To Net: NetName=P3.6 Pin=U1-41
Added Net: Name=P3.6
Added Pin To Net: NetName=P3.7 Pin=IC3-7
Added Pin To Net: NetName=P3.7 Pin=J17-1
Added Pin To Net: NetName=P3.7 Pin=U1-42
Added Net: Name=P3.7
Added Pin To Net: NetName=Enable stp Pin=IC1-1
Added Pin To Net: NetName=Enable stp Pin=IC2-1
Added Pin To Net: NetName=Enable stp Pin=IC3-1
Added Pin To Net: NetName=Enable stp Pin=IC4-1
Added Pin To Net: NetName=Enable stp Pin=IC5-1
Added Pin To Net: NetName=Enable stp Pin=IC6-1
Added Pin To Net: NetName=Enable stp Pin=J44-1
Added Net: Name=Enable stp
Added Pin To Net: NetName=MS1 P3.2 stp Pin=IC1-2
Added Pin To Net: NetName=MS1 P3.2 stp Pin=IC2-2
Added Pin To Net: NetName=MS1 P3.2 stp Pin=IC3-2
Added Pin To Net: NetName=MS1 P3.2 stp Pin=IC4-2
Added Pin To Net: NetName=MS1 P3.2 stp Pin=IC5-2
Added Pin To Net: NetName=MS1 P3.2 stp Pin=IC6-2
Added Pin To Net: NetName=MS1 P3.2 stp Pin=J36-1
Added Net: Name=MS1 P3.2 stp
Added Pin To Net: NetName=MS2 P3.3 stp Pin=IC1-3
Added Pin To Net: NetName=MS2 P3.3 stp Pin=IC2-3
Added Pin To Net: NetName=MS2 P3.3 stp Pin=IC3-3
Added Pin To Net: NetName=MS2 P3.3 stp Pin=IC4-3
Added Pin To Net: NetName=MS2 P3.3 stp Pin=IC5-3
Added Pin To Net: NetName=MS2 P3.3 stp Pin=IC6-3
Added Pin To Net: NetName=MS2 P3.3 stp Pin=J36-2
Added Net: Name=MS2 P3.3 stp
Added Pin To Net: NetName=MS3 P3.4 stp Pin=IC1-4
Added Pin To Net: NetName=MS3 P3.4 stp Pin=IC2-4
Added Pin To Net: NetName=MS3 P3.4 stp Pin=IC3-4
Added Pin To Net: NetName=MS3 P3.4 stp Pin=IC4-4
Added Pin To Net: NetName=MS3 P3.4 stp Pin=IC5-4
Added Pin To Net: NetName=MS3 P3.4 stp Pin=IC6-4
Added Pin To Net: NetName=MS3 P3.4 stp Pin=J36-3
Added Net: Name=MS3 P3.4 stp
Added Pin To Net: NetName=Net*_2 Pin=J1-3
Added Pin To Net: NetName=Net*_2 Pin=U1-35
Added Net: Name=Net*_2
Added Pin To Net: NetName=Net*_6 Pin=C10-2
Added Pin To Net: NetName=Net*_6 Pin=R1-2
Added Net: Name=Net*_6
Added Pin To Net: NetName=Net*_7 Pin=C9-2
Added Pin To Net: NetName=Net*_7 Pin=R2-2
Added Net: Name=Net*_7
Added Pin To Net: NetName=Net*_8 Pin=C8-1
Added Net: Name=Net*_8
Added Pin To Net: NetName=Net*_15 Pin=J1-2
Added Pin To Net: NetName=Net*_15 Pin=U1-34
Added Net: Name=Net*_15
Added Pin To Net: NetName=NetD3_1 Pin=D3-1
Added Pin To Net: NetName=NetD3_1 Pin=R9-2
Added Net: Name=NetD3_1
Added Pin To Net: NetName=NetIC1_11 Pin=IC1-11
Added Pin To Net: NetName=NetIC1_11 Pin=J21-4
Added Net: Name=NetIC1_11
Added Pin To Net: NetName=NetIC1_12 Pin=IC1-12
Added Pin To Net: NetName=NetIC1_12 Pin=J21-3
Added Net: Name=NetIC1_12
Added Pin To Net: NetName=NetIC1_13 Pin=IC1-13
Added Pin To Net: NetName=NetIC1_13 Pin=J21-2
Added Net: Name=NetIC1_13
Added Pin To Net: NetName=NetIC1_14 Pin=IC1-14
Added Pin To Net: NetName=NetIC1_14 Pin=J21-1
Added Net: Name=NetIC1_14
Added Pin To Net: NetName=NetIC3_11 Pin=IC3-11
Added Pin To Net: NetName=NetIC3_11 Pin=J29-4
Added Net: Name=NetIC3_11
Added Pin To Net: NetName=NetIC3_12 Pin=IC3-12
Added Pin To Net: NetName=NetIC3_12 Pin=J29-3
Added Net: Name=NetIC3_12
Added Pin To Net: NetName=NetIC3_13 Pin=IC3-13
Added Pin To Net: NetName=NetIC3_13 Pin=J29-2
Added Net: Name=NetIC3_13
Added Pin To Net: NetName=NetIC3_14 Pin=IC3-14
Added Pin To Net: NetName=NetIC3_14 Pin=J29-1
Added Net: Name=NetIC3_14
Added Pin To Net: NetName=NetIC4_11 Pin=IC4-11
Added Pin To Net: NetName=NetIC4_11 Pin=J32-4
Added Net: Name=NetIC4_11
Added Pin To Net: NetName=NetIC4_12 Pin=IC4-12
Added Pin To Net: NetName=NetIC4_12 Pin=J32-3
Added Net: Name=NetIC4_12
Added Pin To Net: NetName=NetIC4_13 Pin=IC4-13
Added Pin To Net: NetName=NetIC4_13 Pin=J32-2
Added Net: Name=NetIC4_13
Added Pin To Net: NetName=NetIC4_14 Pin=IC4-14
Added Pin To Net: NetName=NetIC4_14 Pin=J32-1
Added Net: Name=NetIC4_14
Added Pin To Net: NetName=NetIC5_11 Pin=IC5-11
Added Pin To Net: NetName=NetIC5_11 Pin=J33-4
Added Net: Name=NetIC5_11
Added Pin To Net: NetName=NetIC5_12 Pin=IC5-12
Added Pin To Net: NetName=NetIC5_12 Pin=J33-3
Added Net: Name=NetIC5_12
Added Pin To Net: NetName=NetIC5_13 Pin=IC5-13
Added Pin To Net: NetName=NetIC5_13 Pin=J33-2
Added Net: Name=NetIC5_13
Added Pin To Net: NetName=NetIC5_14 Pin=IC5-14
Added Pin To Net: NetName=NetIC5_14 Pin=J33-1
Added Net: Name=NetIC5_14
Added Pin To Net: NetName=NetIC6_11 Pin=IC6-11
Added Pin To Net: NetName=NetIC6_11 Pin=J34-4
Added Net: Name=NetIC6_11
Added Pin To Net: NetName=NetIC6_12 Pin=IC6-12
Added Pin To Net: NetName=NetIC6_12 Pin=J34-3
Added Net: Name=NetIC6_12
Added Pin To Net: NetName=NetIC6_13 Pin=IC6-13
Added Pin To Net: NetName=NetIC6_13 Pin=J34-2
Added Net: Name=NetIC6_13
Added Pin To Net: NetName=NetIC6_14 Pin=IC6-14
Added Pin To Net: NetName=NetIC6_14 Pin=J34-1
Added Net: Name=NetIC6_14
Added Pin To Net: NetName=NetJ9_1 Pin=J9-1
Added Pin To Net: NetName=NetJ9_1 Pin=R28-2
Added Net: Name=NetJ9_1
Added Pin To Net: NetName=NetJ9_2 Pin=J9-2
Added Pin To Net: NetName=NetJ9_2 Pin=R27-2
Added Net: Name=NetJ9_2
Added Pin To Net: NetName=NetJ9_3 Pin=J9-3
Added Pin To Net: NetName=NetJ9_3 Pin=R26-2
Added Net: Name=NetJ9_3
Added Pin To Net: NetName=NetJ9_4 Pin=J9-4
Added Pin To Net: NetName=NetJ9_4 Pin=R25-2
Added Net: Name=NetJ9_4
Added Pin To Net: NetName=NetJ9_5 Pin=J9-5
Added Pin To Net: NetName=NetJ9_5 Pin=R24-2
Added Net: Name=NetJ9_5
Added Pin To Net: NetName=NetJ9_6 Pin=J9-6
Added Pin To Net: NetName=NetJ9_6 Pin=R23-2
Added Net: Name=NetJ9_6
Added Pin To Net: NetName=NetJ11_4 Pin=J11-4
Added Pin To Net: NetName=NetJ11_4 Pin=R11-2
Added Net: Name=NetJ11_4
Add Net: Net with name "NetJ15_1" already exists
Add Net: Net with name "NetJ15_2" already exists
Add Net: Net with name "NetJ15_3" already exists
Add Net: Net with name "NetJ15_4" already exists
Add Net: Net with name "NetJ15_5" already exists
Add Net: Net with name "NetJ15_6" already exists
Added Pin To Net: NetName=NetJ16_1 Pin=J16-1
Added Pin To Net: NetName=NetJ16_1 Pin=J19-1
Added Net: Name=NetJ16_1
Add Net: Net with name "NetJ16_1" already exists
Added Pin To Net: NetName=NetJ16_2 Pin=J16-2
Added Pin To Net: NetName=NetJ16_2 Pin=J19-2
Added Net: Name=NetJ16_2
Add Net: Net with name "NetJ16_2" already exists
Added Pin To Net: NetName=NetJ16_3 Pin=J16-3
Added Pin To Net: NetName=NetJ16_3 Pin=J19-3
Added Net: Name=NetJ16_3
Add Net: Net with name "NetJ16_3" already exists
Added Pin To Net: NetName=NetJ16_4 Pin=J16-4
Added Pin To Net: NetName=NetJ16_4 Pin=R34-2
Added Net: Name=NetJ16_4
Add Net: Net with name "NetJ16_4" already exists
Added Pin To Net: NetName=NetJ16_5 Pin=J16-5
Added Pin To Net: NetName=NetJ16_5 Pin=R35-2
Added Net: Name=NetJ16_5
Add Net: Net with name "NetJ16_5" already exists
Added Pin To Net: NetName=NetJ16_6 Pin=J16-6
Added Pin To Net: NetName=NetJ16_6 Pin=R36-2
Added Net: Name=NetJ16_6
Add Net: Net with name "NetJ16_6" already exists
Add Net: Net with name "NetJ18_1" already exists
Add Net: Net with name "NetJ18_2" already exists
Add Net: Net with name "NetJ18_3" already exists
Add Net: Net with name "NetJ18_4" already exists
Add Net: Net with name "NetJ18_5" already exists
Add Net: Net with name "NetJ18_6" already exists
Add Net: Net with name "NetJ18_7" already exists
Add Net: Net with name "NetJ18_8" already exists
Added Pin To Net: NetName=Reset (stpr) stp Pin=IC1-5
Added Pin To Net: NetName=Reset (stpr) stp Pin=IC2-5
Added Pin To Net: NetName=Reset (stpr) stp Pin=IC3-5
Added Pin To Net: NetName=Reset (stpr) stp Pin=IC4-5
Added Pin To Net: NetName=Reset (stpr) stp Pin=IC5-5
Added Pin To Net: NetName=Reset (stpr) stp Pin=IC6-5
Added Pin To Net: NetName=Reset (stpr) stp Pin=J44-2
Added Net: Name=Reset (stpr) stp
Added Pin To Net: NetName=Sleep stp Pin=IC1-6
Added Pin To Net: NetName=Sleep stp Pin=IC2-6
Added Pin To Net: NetName=Sleep stp Pin=IC3-6
Added Pin To Net: NetName=Sleep stp Pin=IC4-6
Added Pin To Net: NetName=Sleep stp Pin=IC5-6
Added Pin To Net: NetName=Sleep stp Pin=IC6-6
Added Pin To Net: NetName=Sleep stp Pin=J44-3
Added Net: Name=Sleep stp
Added Pin To Net: NetName=VCC STEP Pin=C20-1
Added Pin To Net: NetName=VCC STEP Pin=C21-1
Added Pin To Net: NetName=VCC STEP Pin=C22-1
Added Pin To Net: NetName=VCC STEP Pin=C26-1
Added Pin To Net: NetName=VCC STEP Pin=C27-1
Added Pin To Net: NetName=VCC STEP Pin=C28-1
Added Pin To Net: NetName=VCC STEP Pin=IC1-16
Added Pin To Net: NetName=VCC STEP Pin=IC2-16
Added Pin To Net: NetName=VCC STEP Pin=IC3-16
Added Pin To Net: NetName=VCC STEP Pin=IC4-16
Added Pin To Net: NetName=VCC STEP Pin=IC5-16
Added Pin To Net: NetName=VCC STEP Pin=IC6-16
Added Pin To Net: NetName=VCC STEP Pin=J20-1
Added Net: Name=VCC STEP
Added Class: Name=Steppers
Added Class: Name=P3.[0..7]
