Removed Pin From Net: NetName=GND Pin=C9-1
Removed Pin From Net: NetName=3.3V Pin=C9-2
Removed Pin From Net: NetName=3.3V Pin=U1-7
Removed Pin From Net: NetName=3.3V Pin=U1-25
Removed Pin From Net: NetName=GND Pin=U1-31
Removed Pin From Net: NetName=3.3V Pin=U1-32
Removed Pin From Net: NetName=3.3V Pin=U1-55
Change Component Designator: OldDesignator=Boot NewDesignator=SW1
Change Component Designator: OldDesignator=C7 NewDesignator=C6
Change Component Designator: OldDesignator=C9 NewDesignator=C8
Change Component Designator: OldDesignator=C12 NewDesignator=C13
Change Component Designator: OldDesignator=C13 NewDesignator=C15
Change Component Designator: OldDesignator=C14 NewDesignator=C16
Change Component Designator: OldDesignator=C15 NewDesignator=C17
Change Component Designator: OldDesignator=C16 NewDesignator=C18
Change Component Designator: OldDesignator=C17 NewDesignator=C19
Change Component Designator: OldDesignator=C19 NewDesignator=C20
Change Component Designator: OldDesignator=C20 NewDesignator=C21
Change Component Designator: OldDesignator=C21 NewDesignator=C22
Change Component Designator: OldDesignator=C22 NewDesignator=C23
Change Component Designator: OldDesignator=C23 NewDesignator=C24
Change Component Designator: OldDesignator=C24 NewDesignator=C25
Change Component Designator: OldDesignator=C25 NewDesignator=C26
Change Component Designator: OldDesignator=C26 NewDesignator=C27
Change Component Designator: OldDesignator=C27 NewDesignator=C28
Change Component Designator: OldDesignator=C28 NewDesignator=C29
Change Component Designator: OldDesignator=C29 NewDesignator=C30
Change Component Designator: OldDesignator=C30 NewDesignator=C31
Change Component Designator: OldDesignator=C31 NewDesignator=C32
Change Component Designator: OldDesignator=C32 NewDesignator=C33
Change Component Designator: OldDesignator=J8 NewDesignator=J7
Change Component Designator: OldDesignator=J9 NewDesignator=J8
Change Component Designator: OldDesignator=J10 NewDesignator=J9
Change Component Designator: OldDesignator=J11 NewDesignator=J10
Change Component Designator: OldDesignator=J12 NewDesignator=J11
Change Component Designator: OldDesignator=J13 NewDesignator=J12
Change Component Designator: OldDesignator=J14 NewDesignator=J18
Change Component Designator: OldDesignator=J15 NewDesignator=J19
Change Component Designator: OldDesignator=J16 NewDesignator=J13
Change Component Designator: OldDesignator=J17 NewDesignator=J14
Change Component Designator: OldDesignator=J18 NewDesignator=J15
Change Component Designator: OldDesignator=J19 NewDesignator=J16
Change Component Designator: OldDesignator=J20 NewDesignator=J17
Change Component Designator: OldDesignator=J21 NewDesignator=J20
Change Component Designator: OldDesignator=J22 NewDesignator=J21
Change Component Designator: OldDesignator=J23 NewDesignator=J22
Change Component Designator: OldDesignator=J24 NewDesignator=J23
Change Component Designator: OldDesignator=J25 NewDesignator=J24
Change Component Designator: OldDesignator=J26 NewDesignator=J25
Change Component Designator: OldDesignator=J27 NewDesignator=J26
Change Component Designator: OldDesignator=J28 NewDesignator=J27
Change Component Designator: OldDesignator=J29 NewDesignator=J28
Change Component Designator: OldDesignator=J30 NewDesignator=J29
Change Component Designator: OldDesignator=J31 NewDesignator=J30
Change Component Designator: OldDesignator=J32 NewDesignator=J31
Change Component Designator: OldDesignator=J33 NewDesignator=J32
Change Component Designator: OldDesignator=J34 NewDesignator=J33
Change Component Designator: OldDesignator=J35 NewDesignator=J34
Change Component Designator: OldDesignator=Reset NewDesignator=SW2
Added Component: Designator=C7(CAPC1608X92X38NL15T08)
Add component (AddParameter): Name = "Manufacturer"; Value = "Vitramon"; VariantName = "[No Variations]"
Add component (AddParameter): Name = "Part Number"; Value = "VJ0603Y104KXJAP"; VariantName = "[No Variations]"
Added Component: Designator=C9(CAPC1608X92X38NL15T08)
Add component (AddParameter): Name = "Manufacturer"; Value = "Vitramon"; VariantName = "[No Variations]"
Add component (AddParameter): Name = "Part Number"; Value = "VJ0603Y104KXJAP"; VariantName = "[No Variations]"
Added Component: Designator=C12(CAPC1608X92X38NL15T08)
Add component (AddParameter): Name = "Manufacturer"; Value = "Vitramon"; VariantName = "[No Variations]"
Add component (AddParameter): Name = "Part Number"; Value = "VJ0603Y104KXJAP"; VariantName = "[No Variations]"
Added Component: Designator=C14(CAPC1608X92X38NL15T08)
Add component (AddParameter): Name = "Manufacturer"; Value = "Vitramon"; VariantName = "[No Variations]"
Add component (AddParameter): Name = "Part Number"; Value = "VJ0603Y104KXJAP"; VariantName = "[No Variations]"
Added Pin To Net: NetName=3.3V Pin=C7-1
Added Pin To Net: NetName=GND Pin=C8-2
Added Pin To Net: NetName=3.3V Pin=C9-1
Added Pin To Net: NetName=3.3V Pin=C12-1
Added Pin To Net: NetName=3.3V Pin=C14-1
Change Net Name : Old Net Name=NetC7_2 New Net Name=NetC6_2
Change Net Name : Old Net Name=NetC12_1 New Net Name=NetC13_1
Change Net Name : Old Net Name=NetC13_1 New Net Name=NetC15_1
Change Net Name : Old Net Name=NetJ8_1 New Net Name=NetJ7_1
Change Net Name : Old Net Name=NetJ10_4 New Net Name=NetJ9_4
Change Net Name : Old Net Name=NetJ14_1 New Net Name=NetJ18_1
Change Net Name : Old Net Name=NetJ14_2 New Net Name=NetJ18_2
Change Net Name : Old Net Name=NetJ14_3 New Net Name=NetJ18_3
Change Net Name : Old Net Name=NetJ14_4 New Net Name=NetJ18_4
Change Net Name : Old Net Name=NetJ15_1 New Net Name=NetJ19_1
Change Net Name : Old Net Name=NetJ15_2 New Net Name=NetJ19_2
Added Pin To Net: NetName=NetC7_2 Pin=C7-2
Added Pin To Net: NetName=NetC7_2 Pin=U1-32
Added Net: Name=NetC7_2
Added Pin To Net: NetName=NetC8_1 Pin=C8-1
Added Pin To Net: NetName=NetC8_1 Pin=U1-31
Added Net: Name=NetC8_1
Added Pin To Net: NetName=NetC9_2 Pin=C9-2
Added Pin To Net: NetName=NetC9_2 Pin=U1-7
Added Net: Name=NetC9_2
Added Pin To Net: NetName=NetC12_2 Pin=C12-2
Added Pin To Net: NetName=NetC12_2 Pin=U1-25
Added Net: Name=NetC12_2
Added Pin To Net: NetName=NetC14_2 Pin=C14-2
Added Pin To Net: NetName=NetC14_2 Pin=U1-55
Added Net: Name=NetC14_2
