Removed Pin From Net: NetName=P0.0 Pin=Q1-1
Removed Pin From Net: NetName=VCC Pin=Q1-3
Removed Pin From Net: NetName=P0.1 Pin=Q2-1
Removed Pin From Net: NetName=VCC Pin=Q2-3
Removed Pin From Net: NetName=P0.2 Pin=Q3-1
Removed Pin From Net: NetName=VCC Pin=Q3-3
Removed Pin From Net: NetName=P0.6 Pin=Q4-1
Removed Pin From Net: NetName=VCC Pin=Q4-3
Removed Pin From Net: NetName=P1.6 Pin=Q5-1
Removed Pin From Net: NetName=VCC Pin=Q5-3
Removed Pin From Net: NetName=P1.7 Pin=Q6-1
Removed Pin From Net: NetName=VCC Pin=Q6-3
Removed Pin From Net: NetName=3.3V Pin=R12-1
Removed Pin From Net: NetName=P0.0 Pin=R12-2
Removed Pin From Net: NetName=3.3V Pin=R13-1
Removed Pin From Net: NetName=P0.1 Pin=R13-2
Removed Pin From Net: NetName=3.3V Pin=R14-1
Removed Pin From Net: NetName=P0.2 Pin=R14-2
Removed Pin From Net: NetName=3.3V Pin=R15-1
Removed Pin From Net: NetName=P0.6 Pin=R15-2
Removed Pin From Net: NetName=3.3V Pin=R16-1
Removed Pin From Net: NetName=P1.6 Pin=R16-2
Removed Pin From Net: NetName=3.3V Pin=R17-1
Removed Pin From Net: NetName=P1.7 Pin=R17-2
Change Component Comment : Designator=R20 Old Comment=470 New Comment=160
Change Component Comment : Designator=R21 Old Comment=470 New Comment=160
Change Component Comment : Designator=R22 Old Comment=470 New Comment=160
Change Component Comment : Designator=R23 Old Comment=470 New Comment=160
Change Component Comment : Designator=R24 Old Comment=470 New Comment=160
Change Component Comment : Designator=R25 Old Comment=470 New Comment=160
Added Pin To Net: NetName=P0.0 Pin=R20-1
Added Pin To Net: NetName=P0.1 Pin=R21-1
Added Pin To Net: NetName=P0.2 Pin=R22-1
Added Pin To Net: NetName=P0.6 Pin=R23-1
Added Pin To Net: NetName=P1.6 Pin=R24-1
Added Pin To Net: NetName=P1.7 Pin=R25-1
